<?xml version="1.0" encoding="UTF-8"?>
<!-- Generated by org.testng.reporters.JUnitXMLReporter -->
<testsuite ignored="0" hostname="DESKTOP-17FDDV1" failures="0" tests="6" name="Default test" time="123.009" errors="0" timestamp="2023-05-09T15:23:40 IST">
  <testcase classname="testScripts.Test_AmazonOrderPlacing" name="signingInToAmazon" time="36.226"/>
  <testcase classname="testScripts.Test_AmazonOrderPlacing" name="searchingForProduct" time="10.144"/>
  <testcase classname="testScripts.Test_AmazonOrderPlacing" name="filteringSearchResults" time="8.611"/>
  <testcase classname="testScripts.Test_AmazonOrderPlacing" name="addingProductToShoppingCart" time="19.597"/>
  <testcase classname="testScripts.Test_AmazonOrderPlacing" name="proceedingToCheckout" time="12.251"/>
  <testcase classname="testScripts.Test_AmazonOrderPlacing" name="fillingOutCheckoutForm" time="10.868"/>
</testsuite> <!-- Default test -->
